Flow report for MIPS_like-20162_
Thu Jan 12 12:32:28 2017
Quartus Prime Version 15.1.0 Build 185 10/21/2015 SJ Lite Edition


---------------------
; Table of Contents ;
---------------------
  1. Legal Notice
  2. Flow Summary
  3. Flow Settings
  4. Flow Non-Default Global Settings
  5. Flow Elapsed Time
  6. Flow OS Summary
  7. Flow Log
  8. Flow Messages
  9. Flow Suppressed Messages



----------------
; Legal Notice ;
----------------
Copyright (C) 1991-2015 Altera Corporation. All rights reserved.
Your use of Altera Corporation's design tools, logic functions 
and other software and tools, and its AMPP partner logic 
functions, and any output files from any of the foregoing 
(including device programming or simulation files), and any 
associated documentation or information are expressly subject 
to the terms and conditions of the Altera Program License 
Subscription Agreement, the Altera Quartus Prime License Agreement,
the Altera MegaCore Function License Agreement, or other 
applicable license agreement, including, without limitation, 
that your use is for the sole purpose of programming logic 
devices manufactured by Altera and sold by Altera or its 
authorized distributors.  Please refer to the applicable 
agreement for further details.



+-------------------------------------------------------------------------------+
; Flow Summary                                                                  ;
+---------------------------------+---------------------------------------------+
; Flow Status                     ; Successful - Thu Jan 12 12:32:28 2017       ;
; Quartus Prime Version           ; 15.1.0 Build 185 10/21/2015 SJ Lite Edition ;
; Revision Name                   ; MIPS_like-20162_                            ;
; Top-level Entity Name           ; MIPS_like20162                              ;
; Family                          ; Cyclone V                                   ;
; Device                          ; 5CGXFC7C7F23C8                              ;
; Timing Models                   ; Final                                       ;
; Logic utilization (in ALMs)     ; 404 / 56,480 ( < 1 % )                      ;
; Total registers                 ; 412                                         ;
; Total pins                      ; 67 / 268 ( 25 % )                           ;
; Total virtual pins              ; 0                                           ;
; Total block memory bits         ; 16,384 / 7,024,640 ( < 1 % )                ;
; Total DSP Blocks                ; 0 / 156 ( 0 % )                             ;
; Total HSSI RX PCSs              ; 0 / 6 ( 0 % )                               ;
; Total HSSI PMA RX Deserializers ; 0 / 6 ( 0 % )                               ;
; Total HSSI TX PCSs              ; 0 / 6 ( 0 % )                               ;
; Total HSSI PMA TX Serializers   ; 0 / 6 ( 0 % )                               ;
; Total PLLs                      ; 0 / 13 ( 0 % )                              ;
; Total DLLs                      ; 0 / 4 ( 0 % )                               ;
+---------------------------------+---------------------------------------------+


+-----------------------------------------+
; Flow Settings                           ;
+-------------------+---------------------+
; Option            ; Setting             ;
+-------------------+---------------------+
; Start date & time ; 01/11/2017 19:38:04 ;
; Main task         ; Compilation         ;
; Revision Name     ; MIPS_like-20162_    ;
+-------------------+---------------------+


+----------------------------------------------------------------------------------------------------------------------------------------+
; Flow Non-Default Global Settings                                                                                                       ;
+-------------------------------------+---------------------------------------------+------------------+----------------+----------------+
; Assignment Name                     ; Value                                       ; Default Value    ; Entity Name    ; Section Id     ;
+-------------------------------------+---------------------------------------------+------------------+----------------+----------------+
; COMPILER_SIGNATURE_ID               ; 93047529399485.148417428417344              ; --               ; --             ; --             ;
; EDA_NETLIST_WRITER_OUTPUT_DIR       ; C:\altera_lite\15.1\modelsim_ase\win32aloem ; --               ; --             ; eda_simulation ;
; EDA_OUTPUT_DATA_FORMAT              ; Vhdl                                        ; --               ; --             ; eda_simulation ;
; EDA_RUN_TOOL_AUTOMATICALLY          ; On                                          ; --               ; --             ; eda_simulation ;
; EDA_SIMULATION_TOOL                 ; ModelSim-Altera (VHDL)                      ; <None>           ; --             ; --             ;
; MAX_CORE_JUNCTION_TEMP              ; 85                                          ; --               ; --             ; --             ;
; MIN_CORE_JUNCTION_TEMP              ; 0                                           ; --               ; --             ; --             ;
; MISC_FILE                           ; memory_inst.vhd                             ; --               ; --             ; --             ;
; MISC_FILE                           ; memory.inc                                  ; --               ; --             ; --             ;
; MISC_FILE                           ; memory.cmp                                  ; --               ; --             ; --             ;
; PARTITION_COLOR                     ; 16764057                                    ; --               ; MIPS_like20162 ; Top            ;
; PARTITION_FITTER_PRESERVATION_LEVEL ; PLACEMENT_AND_ROUTING                       ; --               ; MIPS_like20162 ; Top            ;
; PARTITION_NETLIST_TYPE              ; SOURCE                                      ; --               ; MIPS_like20162 ; Top            ;
; POWER_BOARD_THERMAL_MODEL           ; None (CONSERVATIVE)                         ; --               ; --             ; --             ;
; POWER_PRESET_COOLING_SOLUTION       ; 23 MM HEAT SINK WITH 200 LFPM AIRFLOW       ; --               ; --             ; --             ;
; PROJECT_OUTPUT_DIRECTORY            ; output_files                                ; --               ; --             ; --             ;
; TOP_LEVEL_ENTITY                    ; MIPS_like20162                              ; MIPS_like-20162_ ; --             ; --             ;
+-------------------------------------+---------------------------------------------+------------------+----------------+----------------+


+-------------------------------------------------------------------------------------------------------------------------------+
; Flow Elapsed Time                                                                                                             ;
+---------------------------+--------------+-------------------------+---------------------+------------------------------------+
; Module Name               ; Elapsed Time ; Average Processors Used ; Peak Virtual Memory ; Total CPU Time (on all processors) ;
+---------------------------+--------------+-------------------------+---------------------+------------------------------------+
; Analysis & Synthesis      ; 00:00:33     ; 1.0                     ; 928 MB              ; 00:00:43                           ;
; Fitter                    ; 00:02:04     ; 1.0                     ; 2308 MB             ; 00:03:03                           ;
; Assembler                 ; 00:00:17     ; 1.0                     ; 887 MB              ; 00:00:15                           ;
; TimeQuest Timing Analyzer ; 00:00:15     ; 1.0                     ; 1261 MB             ; 00:00:14                           ;
; EDA Netlist Writer        ; 00:00:02     ; 1.0                     ; 805 MB              ; 00:00:02                           ;
; MIF/HEX Update            ; 00:00:05     ; 1.0                     ; 958 MB              ; 00:00:04                           ;
; Total                     ; 00:03:16     ; --                      ; --                  ; 00:04:21                           ;
+---------------------------+--------------+-------------------------+---------------------+------------------------------------+


+----------------------------------------------------------------------------------------+
; Flow OS Summary                                                                        ;
+---------------------------+------------------+-----------+------------+----------------+
; Module Name               ; Machine Hostname ; OS Name   ; OS Version ; Processor type ;
+---------------------------+------------------+-----------+------------+----------------+
; Analysis & Synthesis      ; Pablo-Note       ; Windows 8 ; 6.2        ; x86_64         ;
; Fitter                    ; Pablo-Note       ; Windows 8 ; 6.2        ; x86_64         ;
; Assembler                 ; Pablo-Note       ; Windows 8 ; 6.2        ; x86_64         ;
; TimeQuest Timing Analyzer ; Pablo-Note       ; Windows 8 ; 6.2        ; x86_64         ;
; EDA Netlist Writer        ; Pablo-Note       ; Windows 8 ; 6.2        ; x86_64         ;
; MIF/HEX Update            ; Pablo-Note       ; Windows 8 ; 6.2        ; x86_64         ;
+---------------------------+------------------+-----------+------------+----------------+


------------
; Flow Log ;
------------
quartus_map --read_settings_files=on --write_settings_files=off MIPS_like-20162_ -c MIPS_like-20162_
quartus_fit --read_settings_files=off --write_settings_files=off MIPS_like-20162_ -c MIPS_like-20162_
quartus_asm --read_settings_files=off --write_settings_files=off MIPS_like-20162_ -c MIPS_like-20162_
quartus_sta MIPS_like-20162_ -c MIPS_like-20162_
quartus_eda --read_settings_files=off --write_settings_files=off MIPS_like-20162_ -c MIPS_like-20162_
quartus_cdb MIPS_like-20162_ -c MIPS_like-20162_ --update_mif



